<?xml version="1.0" encoding="UTF-8"?>
<testng-results ignored="0" total="2" passed="2" failed="0" skipped="0">
  <reporter-output>
  </reporter-output>
  <suite started-at="2026-01-06T12:11:44 IST" name="OrangeHRM Suite" finished-at="2026-01-06T12:12:35 IST" duration-ms="50960">
    <groups>
    </groups>
    <test started-at="2026-01-06T12:11:44 IST" name="Login Test" finished-at="2026-01-06T12:12:35 IST" duration-ms="50960">
      <class name="tests.LoginTest">
        <test-method is-config="true" signature="BeforeScenario()[pri:0, instance:tests.LoginTest@1fa121e2]" started-at="2026-01-06T12:11:44 IST" name="BeforeScenario" finished-at="2026-01-06T12:11:55 IST" duration-ms="11675" status="PASS">
          <reporter-output>
          </reporter-output>
        </test-method> <!-- BeforeScenario -->
        <test-method is-config="true" signature="setup()[pri:0, instance:tests.LoginTest@1fa121e2]" started-at="2026-01-06T12:11:55 IST" name="setup" finished-at="2026-01-06T12:11:55 IST" duration-ms="0" status="PASS">
          <reporter-output>
          </reporter-output>
        </test-method> <!-- setup -->
        <test-method signature="verifyLoginWithValidCredentials()[pri:0, instance:tests.LoginTest@1fa121e2]" started-at="2026-01-06T12:11:55 IST" name="verifyLoginWithValidCredentials" finished-at="2026-01-06T12:11:59 IST" duration-ms="4081" status="PASS">
          <reporter-output>
          </reporter-output>
        </test-method> <!-- verifyLoginWithValidCredentials -->
        <test-method is-config="true" signature="tearDown()[pri:0, instance:tests.LoginTest@1fa121e2]" started-at="2026-01-06T12:11:59 IST" name="tearDown" finished-at="2026-01-06T12:12:00 IST" duration-ms="487" status="PASS">
          <reporter-output>
          </reporter-output>
        </test-method> <!-- tearDown -->
      </class> <!-- tests.LoginTest -->
      <class name="tests.LogoutTest">
        <test-method is-config="true" signature="setup()[pri:0, instance:tests.LogoutTest@1a677343]" started-at="2026-01-06T12:12:00 IST" name="setup" finished-at="2026-01-06T12:12:13 IST" duration-ms="13239" status="PASS">
          <reporter-output>
          </reporter-output>
        </test-method> <!-- setup -->
        <test-method signature="verifyLogoutFunctionality()[pri:0, instance:tests.LogoutTest@1a677343]" started-at="2026-01-06T12:12:13 IST" name="verifyLogoutFunctionality" finished-at="2026-01-06T12:12:34 IST" duration-ms="21013" status="PASS">
          <reporter-output>
          </reporter-output>
        </test-method> <!-- verifyLogoutFunctionality -->
        <test-method is-config="true" signature="tearDown()[pri:0, instance:tests.LogoutTest@1a677343]" started-at="2026-01-06T12:12:34 IST" name="tearDown" finished-at="2026-01-06T12:12:35 IST" duration-ms="401" status="PASS">
          <reporter-output>
          </reporter-output>
        </test-method> <!-- tearDown -->
      </class> <!-- tests.LogoutTest -->
    </test> <!-- Login Test -->
  </suite> <!-- OrangeHRM Suite -->
</testng-results>
